<?xml version="1.0" encoding="UTF-8"?>
<!-- Generated by org.testng.reporters.JUnitReportReporter -->
<testsuite hostname="Dedeepya" failures="0" tests="2" name="qa.jen.testclass.logintestclass" time="50.365" errors="0" timestamp="2025-02-17T13:39:11 CST" skipped="0">
  <testcase classname="qa.jen.testclass.logintestclass" name="verifyHomePageTitleTest" time="13.636"/>
  <testcase classname="qa.jen.testclass.logintestclass" name="loginPageTitleTest" time="36.729"/>
</testsuite> <!-- qa.jen.testclass.logintestclass -->
