<?xml version="1.0" encoding="UTF-8"?>
<!-- Generated by org.testng.reporters.JUnitReportReporter -->
<testsuite hostname="Dedeepya" failures="0" tests="2" name="qa.jen.testclass.logintestclass" time="41.789" errors="0" timestamp="2025-02-17T17:50:17 CST" skipped="0">
  <testcase classname="qa.jen.testclass.logintestclass" name="verifyHomePageTitleTest" time="10.818"/>
  <testcase classname="qa.jen.testclass.logintestclass" name="loginPageTitleTest" time="30.971"/>
</testsuite> <!-- qa.jen.testclass.logintestclass -->
