<?xml version="1.0" encoding="UTF-8"?>
<!-- Generated by org.testng.reporters.JUnitReportReporter -->
<testsuite hostname="Dedeepya" failures="0" tests="2" name="qa.jen.testclass.logintestclass" time="50.540" errors="0" timestamp="2025-02-17T13:40:20 CST" skipped="0">
  <testcase classname="qa.jen.testclass.logintestclass" name="verifyHomePageTitleTest" time="14.231"/>
  <testcase classname="qa.jen.testclass.logintestclass" name="loginPageTitleTest" time="36.309"/>
</testsuite> <!-- qa.jen.testclass.logintestclass -->
